{"sessionId":"cce85b","runId":"oauth-run-1","hypothesisId":"H2","location":"App.tsx:initAuth:start","message":"initAuth started","data":{"search":"?nextRole=student","hash":"#/login/student"},"timestamp":1778037742322}
{"sessionId":"cce85b","runId":"oauth-run-1","hypothesisId":"H2","location":"App.tsx:initAuth:start","message":"initAuth started","data":{"search":"?nextRole=student","hash":"#/login/student"},"timestamp":1778037742323}
{"sessionId":"cce85b","runId":"oauth-run-1","hypothesisId":"H2","location":"App.tsx:initAuth:getSession","message":"getSession resolved","data":{"hasSession":false,"search":"?nextRole=student"},"timestamp":1778037742330}
{"sessionId":"cce85b","runId":"oauth-run-1","hypothesisId":"H2","location":"App.tsx:initAuth:getSession","message":"getSession resolved","data":{"hasSession":false,"search":"?nextRole=student"},"timestamp":1778037742340}
{"sessionId":"cce85b","runId":"oauth-run-1","hypothesisId":"H2","location":"App.tsx:initAuth:start","message":"initAuth started","data":{"search":"?nextRole=student","hash":"#/login/student"},"timestamp":1778037764276}
{"sessionId":"cce85b","runId":"oauth-run-1","hypothesisId":"H2","location":"App.tsx:initAuth:start","message":"initAuth started","data":{"search":"?nextRole=student","hash":"#/login/student"},"timestamp":1778037764276}
{"sessionId":"cce85b","runId":"oauth-run-1","hypothesisId":"H2","location":"App.tsx:initAuth:getSession","message":"getSession resolved","data":{"hasSession":false,"search":"?nextRole=student"},"timestamp":1778037764284}
{"sessionId":"cce85b","runId":"oauth-run-1","hypothesisId":"H2","location":"App.tsx:initAuth:getSession","message":"getSession resolved","data":{"hasSession":false,"search":"?nextRole=student"},"timestamp":1778037764295}
{"sessionId":"cce85b","runId":"oauth-run-1","hypothesisId":"H4","location":"App.tsx:loginWithGoogle","message":"starting oauth request","data":{"redirectTo":"http://localhost:3000/?nextRole=student"},"timestamp":1778037766522}
{"sessionId":"cce85b","runId":"oauth-run-1","hypothesisId":"H4","location":"App.tsx:loginWithGoogle:url","message":"oauth url generated","data":{"hasUrl":true},"timestamp":1778037766536}
{"sessionId":"cce85b","runId":"oauth-run-1","hypothesisId":"H2","location":"App.tsx:initAuth:start","message":"initAuth started","data":{"search":"?nextRole=student","hash":"#/"},"timestamp":1778037767791}
{"sessionId":"cce85b","runId":"oauth-run-1","hypothesisId":"H2","location":"App.tsx:initAuth:start","message":"initAuth started","data":{"search":"?nextRole=student","hash":"#/"},"timestamp":1778037767793}
{"sessionId":"cce85b","runId":"oauth-run-1","hypothesisId":"H2","location":"App.tsx:initAuth:getSession","message":"getSession resolved","data":{"hasSession":false,"search":"?nextRole=student"},"timestamp":1778037767838}
{"sessionId":"cce85b","runId":"oauth-run-1","hypothesisId":"H2","location":"App.tsx:RootRoute:nextRole","message":"redirecting by nextRole branch","data":{"nextRole":"student","search":"?nextRole=student","hasToken":false,"hasUser":false},"timestamp":1778037767840}
{"sessionId":"cce85b","runId":"oauth-run-1","hypothesisId":"H2","location":"App.tsx:RootRoute:nextRole","message":"redirecting by nextRole branch","data":{"nextRole":"student","search":"?nextRole=student","hasToken":false,"hasUser":false},"timestamp":1778037767840}
{"sessionId":"cce85b","runId":"oauth-run-1","hypothesisId":"H2","location":"App.tsx:initAuth:getSession","message":"getSession resolved","data":{"hasSession":false,"search":"?nextRole=student"},"timestamp":1778037767899}
{"sessionId":"cce85b","runId":"oauth-run-1","hypothesisId":"H4","location":"App.tsx:loginWithGoogle","message":"starting oauth request","data":{"redirectTo":"http://localhost:3000/?nextRole=student"},"timestamp":1778037808143}
{"sessionId":"cce85b","runId":"oauth-run-1","hypothesisId":"H4","location":"App.tsx:loginWithGoogle:url","message":"oauth url generated","data":{"hasUrl":true},"timestamp":1778037808176}
{"sessionId":"cce85b","runId":"oauth-run-1","hypothesisId":"H2","location":"App.tsx:initAuth:start","message":"initAuth started","data":{"search":"?nextRole=student","hash":"#/"},"timestamp":1778037809583}
{"sessionId":"cce85b","runId":"oauth-run-1","hypothesisId":"H2","location":"App.tsx:initAuth:start","message":"initAuth started","data":{"search":"?nextRole=student","hash":"#/"},"timestamp":1778037809584}
{"sessionId":"cce85b","runId":"oauth-run-1","hypothesisId":"H2","location":"App.tsx:initAuth:getSession","message":"getSession resolved","data":{"hasSession":false,"search":"?nextRole=student"},"timestamp":1778037809612}
{"sessionId":"cce85b","runId":"oauth-run-1","hypothesisId":"H2","location":"App.tsx:RootRoute:nextRole","message":"redirecting by nextRole branch","data":{"nextRole":"student","search":"?nextRole=student","hasToken":false,"hasUser":false},"timestamp":1778037809613}
{"sessionId":"cce85b","runId":"oauth-run-1","hypothesisId":"H2","location":"App.tsx:RootRoute:nextRole","message":"redirecting by nextRole branch","data":{"nextRole":"student","search":"?nextRole=student","hasToken":false,"hasUser":false},"timestamp":1778037809613}
{"sessionId":"cce85b","runId":"oauth-run-1","hypothesisId":"H2","location":"App.tsx:initAuth:getSession","message":"getSession resolved","data":{"hasSession":false,"search":"?nextRole=student"},"timestamp":1778037809664}
{"sessionId":"cce85b","runId":"oauth-run-1","hypothesisId":"H4","location":"App.tsx:loginWithGoogle","message":"starting oauth request","data":{"redirectTo":"http://localhost:3000/?nextRole=student"},"timestamp":1778037849638}
{"sessionId":"cce85b","runId":"oauth-run-1","hypothesisId":"H4","location":"App.tsx:loginWithGoogle:url","message":"oauth url generated","data":{"hasUrl":true},"timestamp":1778037849654}
{"sessionId":"cce85b","runId":"oauth-run-1","hypothesisId":"H2","location":"App.tsx:initAuth:start","message":"initAuth started","data":{"search":"?nextRole=student","hash":"#/"},"timestamp":1778037850786}
{"sessionId":"cce85b","runId":"oauth-run-1","hypothesisId":"H2","location":"App.tsx:initAuth:start","message":"initAuth started","data":{"search":"?nextRole=student","hash":"#/"},"timestamp":1778037850787}
{"sessionId":"cce85b","runId":"oauth-run-1","hypothesisId":"H2","location":"App.tsx:initAuth:getSession","message":"getSession resolved","data":{"hasSession":false,"search":"?nextRole=student"},"timestamp":1778037850816}
{"sessionId":"cce85b","runId":"oauth-run-1","hypothesisId":"H2","location":"App.tsx:RootRoute:nextRole","message":"redirecting by nextRole branch","data":{"nextRole":"student","search":"?nextRole=student","hasToken":false,"hasUser":false},"timestamp":1778037850816}
{"sessionId":"cce85b","runId":"oauth-run-1","hypothesisId":"H2","location":"App.tsx:RootRoute:nextRole","message":"redirecting by nextRole branch","data":{"nextRole":"student","search":"?nextRole=student","hasToken":false,"hasUser":false},"timestamp":1778037850817}
{"sessionId":"cce85b","runId":"oauth-run-1","hypothesisId":"H2","location":"App.tsx:initAuth:getSession","message":"getSession resolved","data":{"hasSession":false,"search":"?nextRole=student"},"timestamp":1778037850869}
{"sessionId":"cce85b","runId":"oauth-run-1","hypothesisId":"H2","location":"App.tsx:initAuth:start","message":"initAuth started","data":{"search":"?nextRole=student","hash":"#/login/student"},"timestamp":1778037885822}
{"sessionId":"cce85b","runId":"oauth-run-1","hypothesisId":"H2","location":"App.tsx:initAuth:start","message":"initAuth started","data":{"search":"?nextRole=student","hash":"#/login/student"},"timestamp":1778037885822}
{"sessionId":"cce85b","runId":"oauth-run-1","hypothesisId":"H2","location":"App.tsx:initAuth:getSession","message":"getSession resolved","data":{"hasSession":false,"search":"?nextRole=student"},"timestamp":1778037885828}
{"sessionId":"cce85b","runId":"oauth-run-1","hypothesisId":"H2","location":"App.tsx:initAuth:getSession","message":"getSession resolved","data":{"hasSession":false,"search":"?nextRole=student"},"timestamp":1778037885836}
{"sessionId":"cce85b","runId":"oauth-run-1","hypothesisId":"H4","location":"App.tsx:loginWithGoogle","message":"starting oauth request","data":{"redirectTo":"http://localhost:3000/"},"timestamp":1778037898430}
{"sessionId":"cce85b","runId":"oauth-run-1","hypothesisId":"H4","location":"App.tsx:loginWithGoogle:url","message":"oauth url generated","data":{"hasUrl":true},"timestamp":1778037898451}
{"sessionId":"cce85b","runId":"oauth-run-1","hypothesisId":"H2","location":"App.tsx:initAuth:start","message":"initAuth started","data":{"search":"","hash":"#/"},"timestamp":1778037899925}
{"sessionId":"cce85b","runId":"oauth-run-1","hypothesisId":"H2","location":"App.tsx:initAuth:start","message":"initAuth started","data":{"search":"","hash":"#/"},"timestamp":1778037899926}
{"sessionId":"cce85b","runId":"oauth-run-1","hypothesisId":"H2","location":"App.tsx:initAuth:getSession","message":"getSession resolved","data":{"hasSession":false,"search":""},"timestamp":1778037899955}
{"sessionId":"cce85b","runId":"oauth-run-1","hypothesisId":"H2","location":"App.tsx:initAuth:getSession","message":"getSession resolved","data":{"hasSession":false,"search":""},"timestamp":1778037900033}
{"sessionId":"cce85b","runId":"oauth-run-1","hypothesisId":"H4","location":"App.tsx:loginWithGoogle","message":"starting oauth request","data":{"redirectTo":"http://localhost:3000/"},"timestamp":1778037904095}
{"sessionId":"cce85b","runId":"oauth-run-1","hypothesisId":"H4","location":"App.tsx:loginWithGoogle:url","message":"oauth url generated","data":{"hasUrl":true},"timestamp":1778037904105}
{"sessionId":"cce85b","runId":"oauth-run-1","hypothesisId":"H2","location":"App.tsx:initAuth:start","message":"initAuth started","data":{"search":"","hash":"#/"},"timestamp":1778037904908}
{"sessionId":"cce85b","runId":"oauth-run-1","hypothesisId":"H2","location":"App.tsx:initAuth:start","message":"initAuth started","data":{"search":"","hash":"#/"},"timestamp":1778037904909}
{"sessionId":"cce85b","runId":"oauth-run-1","hypothesisId":"H2","location":"App.tsx:initAuth:getSession","message":"getSession resolved","data":{"hasSession":false,"search":""},"timestamp":1778037904937}
{"sessionId":"cce85b","runId":"oauth-run-1","hypothesisId":"H2","location":"App.tsx:initAuth:getSession","message":"getSession resolved","data":{"hasSession":false,"search":""},"timestamp":1778037905014}
{"sessionId":"cce85b","runId":"oauth-run-1","hypothesisId":"H4","location":"App.tsx:loginWithGoogle","message":"starting oauth request","data":{"redirectTo":"http://localhost:3000/"},"timestamp":1778038005449}
{"sessionId":"cce85b","runId":"oauth-run-1","hypothesisId":"H4","location":"App.tsx:loginWithGoogle:url","message":"oauth url generated","data":{"hasUrl":true},"timestamp":1778038005468}
{"sessionId":"cce85b","runId":"oauth-run-1","hypothesisId":"H2","location":"App.tsx:initAuth:start","message":"initAuth started","data":{"search":"","hash":"#/"},"timestamp":1778038006761}
{"sessionId":"cce85b","runId":"oauth-run-1","hypothesisId":"H2","location":"App.tsx:initAuth:start","message":"initAuth started","data":{"search":"","hash":"#/"},"timestamp":1778038006762}
{"sessionId":"cce85b","runId":"oauth-run-1","hypothesisId":"H2","location":"App.tsx:initAuth:getSession","message":"getSession resolved","data":{"hasSession":false,"search":""},"timestamp":1778038006790}
{"sessionId":"cce85b","runId":"oauth-run-1","hypothesisId":"H2","location":"App.tsx:initAuth:getSession","message":"getSession resolved","data":{"hasSession":false,"search":""},"timestamp":1778038006847}
{"sessionId":"cce85b","runId":"oauth-run-1","hypothesisId":"H2","location":"App.tsx:initAuth:start","message":"initAuth started","data":{"search":"","hash":"#/"},"timestamp":1778038031936}
{"sessionId":"cce85b","runId":"oauth-run-1","hypothesisId":"H2","location":"App.tsx:initAuth:start","message":"initAuth started","data":{"search":"","hash":"#/"},"timestamp":1778038031937}
{"sessionId":"cce85b","runId":"oauth-run-1","hypothesisId":"H2","location":"App.tsx:initAuth:getSession","message":"getSession resolved","data":{"hasSession":false,"search":""},"timestamp":1778038031955}
{"sessionId":"cce85b","runId":"oauth-run-1","hypothesisId":"H2","location":"App.tsx:initAuth:getSession","message":"getSession resolved","data":{"hasSession":false,"search":""},"timestamp":1778038032053}
{"sessionId":"cce85b","runId":"oauth-run-1","hypothesisId":"H4","location":"App.tsx:loginWithGoogle","message":"starting oauth request","data":{"redirectTo":"http://localhost:3000/"},"timestamp":1778038051278}
{"sessionId":"cce85b","runId":"oauth-run-1","hypothesisId":"H4","location":"App.tsx:loginWithGoogle:url","message":"oauth url generated","data":{"hasUrl":true},"timestamp":1778038051353}
{"sessionId":"cce85b","runId":"oauth-run-1","hypothesisId":"H2","location":"App.tsx:initAuth:start","message":"initAuth started","data":{"search":"?code=d93120d5-fbfb-46fe-9304-98a8ec463aeb","hash":""},"timestamp":1778038052525}
{"sessionId":"cce85b","runId":"oauth-run-1","hypothesisId":"H2","location":"App.tsx:initAuth:start","message":"initAuth started","data":{"search":"?code=d93120d5-fbfb-46fe-9304-98a8ec463aeb","hash":""},"timestamp":1778038052525}
{"sessionId":"cce85b","runId":"oauth-run-1","hypothesisId":"H2","location":"App.tsx:RootRoute:oauthParams","message":"oauth callback params without session user","data":{"search":"?code=d93120d5-fbfb-46fe-9304-98a8ec463aeb","hasToken":false,"hasUser":false},"timestamp":1778038064526}
{"sessionId":"cce85b","runId":"oauth-run-1","hypothesisId":"H2","location":"App.tsx:RootRoute:oauthParams","message":"oauth callback params without session user","data":{"search":"?code=d93120d5-fbfb-46fe-9304-98a8ec463aeb","hasToken":false,"hasUser":false},"timestamp":1778038064527}
{"sessionId":"cce85b","runId":"oauth-run-1","hypothesisId":"H2","location":"App.tsx:initAuth:start","message":"initAuth started","data":{"search":"","hash":"#/login/student"},"timestamp":1778038102217}
{"sessionId":"cce85b","runId":"oauth-run-1","hypothesisId":"H2","location":"App.tsx:initAuth:start","message":"initAuth started","data":{"search":"","hash":"#/login/student"},"timestamp":1778038102218}
{"sessionId":"cce85b","runId":"oauth-run-1","hypothesisId":"H4","location":"App.tsx:loginWithGoogle","message":"starting oauth request","data":{"redirectTo":"http://localhost:3000/"},"timestamp":1778038105250}
{"sessionId":"cce85b","runId":"oauth-run-1","hypothesisId":"H4","location":"App.tsx:loginWithGoogle:url","message":"oauth url generated","data":{"hasUrl":true},"timestamp":1778038105273}
{"sessionId":"cce85b","runId":"oauth-run-1","hypothesisId":"H2","location":"App.tsx:initAuth:start","message":"initAuth started","data":{"search":"?code=571d94d8-a7eb-4f91-9a65-13ec3033cf82","hash":""},"timestamp":1778038106193}
{"sessionId":"cce85b","runId":"oauth-run-1","hypothesisId":"H2","location":"App.tsx:initAuth:start","message":"initAuth started","data":{"search":"?code=571d94d8-a7eb-4f91-9a65-13ec3033cf82","hash":""},"timestamp":1778038106194}
{"sessionId":"cce85b","runId":"oauth-run-1","hypothesisId":"H2","location":"App.tsx:RootRoute:oauthParams","message":"oauth callback params without session user","data":{"search":"?code=571d94d8-a7eb-4f91-9a65-13ec3033cf82","hasToken":false,"hasUser":false},"timestamp":1778038118197}
{"sessionId":"cce85b","runId":"oauth-run-1","hypothesisId":"H2","location":"App.tsx:RootRoute:oauthParams","message":"oauth callback params without session user","data":{"search":"?code=571d94d8-a7eb-4f91-9a65-13ec3033cf82","hasToken":false,"hasUser":false},"timestamp":1778038118198}
{"sessionId":"cce85b","runId":"oauth-run-1","hypothesisId":"H2","location":"App.tsx:initAuth:start","message":"initAuth started","data":{"search":"?code=571d94d8-a7eb-4f91-9a65-13ec3033cf82","hash":"#/login/student"},"timestamp":1778038182047}
{"sessionId":"cce85b","runId":"oauth-run-2","hypothesisId":"H5","location":"App.tsx:initAuth:exchange:start","message":"code detected, exchanging for session","data":{"hasCode":true},"timestamp":1778038182048}
{"sessionId":"cce85b","runId":"oauth-run-1","hypothesisId":"H2","location":"App.tsx:initAuth:start","message":"initAuth started","data":{"search":"?code=571d94d8-a7eb-4f91-9a65-13ec3033cf82","hash":"#/login/student"},"timestamp":1778038182049}
{"sessionId":"cce85b","runId":"oauth-run-2","hypothesisId":"H5","location":"App.tsx:initAuth:exchange:start","message":"code detected, exchanging for session","data":{"hasCode":true},"timestamp":1778038182049}
{"sessionId":"cce85b","runId":"oauth-run-1","hypothesisId":"H4","location":"App.tsx:loginWithGoogle","message":"starting oauth request","data":{"redirectTo":"http://localhost:3000/"},"timestamp":1778038195123}
{"sessionId":"cce85b","runId":"oauth-run-1","hypothesisId":"H4","location":"App.tsx:loginWithGoogle:url","message":"oauth url generated","data":{"hasUrl":true},"timestamp":1778038195158}
{"sessionId":"cce85b","runId":"oauth-run-1","hypothesisId":"H2","location":"App.tsx:initAuth:start","message":"initAuth started","data":{"search":"?code=d1c46354-9e4a-4908-be6c-01fb4d48ee0b","hash":""},"timestamp":1778038196351}
{"sessionId":"cce85b","runId":"oauth-run-2","hypothesisId":"H5","location":"App.tsx:initAuth:exchange:start","message":"code detected, exchanging for session","data":{"hasCode":true},"timestamp":1778038196352}
{"sessionId":"cce85b","runId":"oauth-run-1","hypothesisId":"H2","location":"App.tsx:initAuth:start","message":"initAuth started","data":{"search":"?code=d1c46354-9e4a-4908-be6c-01fb4d48ee0b","hash":""},"timestamp":1778038196353}
{"sessionId":"cce85b","runId":"oauth-run-2","hypothesisId":"H5","location":"App.tsx:initAuth:exchange:start","message":"code detected, exchanging for session","data":{"hasCode":true},"timestamp":1778038196353}
{"sessionId":"cce85b","runId":"oauth-run-1","hypothesisId":"H2","location":"App.tsx:RootRoute:oauthParams","message":"oauth callback params without session user","data":{"search":"?code=d1c46354-9e4a-4908-be6c-01fb4d48ee0b","hasToken":false,"hasUser":false},"timestamp":1778038208355}
{"sessionId":"cce85b","runId":"oauth-run-1","hypothesisId":"H2","location":"App.tsx:RootRoute:oauthParams","message":"oauth callback params without session user","data":{"search":"?code=d1c46354-9e4a-4908-be6c-01fb4d48ee0b","hasToken":false,"hasUser":false},"timestamp":1778038208356}
{"sessionId":"cce85b","runId":"oauth-run-1","hypothesisId":"H2","location":"App.tsx:initAuth:start","message":"initAuth started","data":{"search":"?code=d1c46354-9e4a-4908-be6c-01fb4d48ee0b","hash":"#/login/student"},"timestamp":1778039184888}
{"sessionId":"cce85b","runId":"oauth-run-2","hypothesisId":"H5","location":"App.tsx:initAuth:exchange:start","message":"code detected, exchanging for session","data":{"hasCode":true},"timestamp":1778039184889}
{"sessionId":"cce85b","runId":"oauth-run-1","hypothesisId":"H2","location":"App.tsx:initAuth:start","message":"initAuth started","data":{"search":"?code=d1c46354-9e4a-4908-be6c-01fb4d48ee0b","hash":"#/login/student"},"timestamp":1778039184890}
{"sessionId":"cce85b","runId":"oauth-run-2","hypothesisId":"H5","location":"App.tsx:initAuth:exchange:start","message":"code detected, exchanging for session","data":{"hasCode":true},"timestamp":1778039184891}
{"sessionId":"cce85b","runId":"oauth-run-1","hypothesisId":"H4","location":"App.tsx:loginWithGoogle","message":"starting oauth request","data":{"redirectTo":"http://localhost:3000/"},"timestamp":1778039186508}
{"sessionId":"cce85b","runId":"oauth-run-1","hypothesisId":"H4","location":"App.tsx:loginWithGoogle:url","message":"oauth url generated","data":{"hasUrl":true},"timestamp":1778039186527}
{"sessionId":"cce85b","runId":"oauth-run-1","hypothesisId":"H2","location":"App.tsx:initAuth:start","message":"initAuth started","data":{"search":"?code=b23c5885-0d2a-4fe5-9377-729a41b6556f","hash":""},"timestamp":1778039188390}
{"sessionId":"cce85b","runId":"oauth-run-2","hypothesisId":"H5","location":"App.tsx:initAuth:exchange:start","message":"code detected, exchanging for session","data":{"hasCode":true},"timestamp":1778039188391}
{"sessionId":"cce85b","runId":"oauth-run-1","hypothesisId":"H2","location":"App.tsx:initAuth:start","message":"initAuth started","data":{"search":"?code=b23c5885-0d2a-4fe5-9377-729a41b6556f","hash":""},"timestamp":1778039188392}
{"sessionId":"cce85b","runId":"oauth-run-2","hypothesisId":"H5","location":"App.tsx:initAuth:exchange:start","message":"code detected, exchanging for session","data":{"hasCode":true},"timestamp":1778039188392}
{"sessionId":"cce85b","runId":"oauth-run-1","hypothesisId":"H2","location":"App.tsx:RootRoute:oauthParams","message":"oauth callback params without session user","data":{"search":"?code=b23c5885-0d2a-4fe5-9377-729a41b6556f","hasToken":false,"hasUser":false},"timestamp":1778039200396}
{"sessionId":"cce85b","runId":"oauth-run-1","hypothesisId":"H2","location":"App.tsx:RootRoute:oauthParams","message":"oauth callback params without session user","data":{"search":"?code=b23c5885-0d2a-4fe5-9377-729a41b6556f","hasToken":false,"hasUser":false},"timestamp":1778039200397}
{"sessionId":"cce85b","runId":"oauth-run-1","hypothesisId":"H2","location":"App.tsx:initAuth:start","message":"initAuth started","data":{"search":"?code=b23c5885-0d2a-4fe5-9377-729a41b6556f","hash":"#/login/student"},"timestamp":1778040170843}
{"sessionId":"cce85b","runId":"oauth-run-2","hypothesisId":"H5","location":"App.tsx:initAuth:exchange:start","message":"code detected, exchanging for session","data":{"hasCode":true},"timestamp":1778040170844}
{"sessionId":"cce85b","runId":"oauth-run-1","hypothesisId":"H2","location":"App.tsx:initAuth:start","message":"initAuth started","data":{"search":"?code=b23c5885-0d2a-4fe5-9377-729a41b6556f","hash":"#/login/student"},"timestamp":1778040170849}
{"sessionId":"cce85b","runId":"oauth-run-2","hypothesisId":"H5","location":"App.tsx:initAuth:exchange:start","message":"code detected, exchanging for session","data":{"hasCode":true},"timestamp":1778040170850}
{"sessionId":"cce85b","runId":"oauth-run-2","hypothesisId":"H5","location":"App.tsx:initAuth:exchange:done","message":"code exchange completed","data":{"ok":false,"error":"PKCE code verifier not found in storage. This can happen if the auth flow was initiated in a different browser or device, or if the storage was cleared. For SSR frameworks (Next.js, SvelteKit, etc.), use @supabase/ssr on both the server and client to store the code verifier in cookies."},"timestamp":1778040170894}
{"sessionId":"cce85b","runId":"oauth-run-2","hypothesisId":"H5","location":"App.tsx:initAuth:exchange:done","message":"code exchange completed","data":{"ok":false,"error":"PKCE code verifier not found in storage. This can happen if the auth flow was initiated in a different browser or device, or if the storage was cleared. For SSR frameworks (Next.js, SvelteKit, etc.), use @supabase/ssr on both the server and client to store the code verifier in cookies."},"timestamp":1778040170937}
{"sessionId":"cce85b","runId":"oauth-run-1","hypothesisId":"H2","location":"App.tsx:initAuth:start","message":"initAuth started","data":{"search":"?code=b23c5885-0d2a-4fe5-9377-729a41b6556f","hash":"#/login/student"},"timestamp":1778054993964}
{"sessionId":"cce85b","runId":"oauth-run-1","hypothesisId":"H2","location":"App.tsx:initAuth:start","message":"initAuth started","data":{"search":"?code=b23c5885-0d2a-4fe5-9377-729a41b6556f","hash":"#/login/student"},"timestamp":1778054993968}
{"sessionId":"cce85b","runId":"oauth-run-2","hypothesisId":"H5","location":"App.tsx:initAuth:exchange:start","message":"code detected, exchanging for session","data":{"hasCode":true},"timestamp":1778054993964}
{"sessionId":"cce85b","runId":"oauth-run-2","hypothesisId":"H5","location":"App.tsx:initAuth:exchange:start","message":"code detected, exchanging for session","data":{"hasCode":true},"timestamp":1778054993969}
{"sessionId":"cce85b","runId":"oauth-run-2","hypothesisId":"H5","location":"App.tsx:initAuth:exchange:done","message":"code exchange completed","data":{"ok":false,"error":"PKCE code verifier not found in storage. This can happen if the auth flow was initiated in a different browser or device, or if the storage was cleared. For SSR frameworks (Next.js, SvelteKit, etc.), use @supabase/ssr on both the server and client to store the code verifier in cookies."},"timestamp":1778054994378}
{"sessionId":"cce85b","runId":"oauth-run-2","hypothesisId":"H5","location":"App.tsx:initAuth:exchange:done","message":"code exchange completed","data":{"ok":false,"error":"PKCE code verifier not found in storage. This can happen if the auth flow was initiated in a different browser or device, or if the storage was cleared. For SSR frameworks (Next.js, SvelteKit, etc.), use @supabase/ssr on both the server and client to store the code verifier in cookies."},"timestamp":1778054994420}
{"sessionId":"cce85b","runId":"oauth-run-1","hypothesisId":"H2","location":"App.tsx:initAuth:start","message":"initAuth started","data":{"search":"?code=b23c5885-0d2a-4fe5-9377-729a41b6556f","hash":"#/login/student"},"timestamp":1778055108808}
{"sessionId":"cce85b","runId":"oauth-run-2","hypothesisId":"H5","location":"App.tsx:initAuth:exchange:start","message":"code detected, letting supabase auto-exchange from URL","data":{"hasCode":true},"timestamp":1778055108809}
{"sessionId":"cce85b","runId":"oauth-run-1","hypothesisId":"H2","location":"App.tsx:initAuth:start","message":"initAuth started","data":{"search":"?code=b23c5885-0d2a-4fe5-9377-729a41b6556f","hash":"#/login/student"},"timestamp":1778055108810}
{"sessionId":"cce85b","runId":"oauth-run-2","hypothesisId":"H5","location":"App.tsx:initAuth:exchange:start","message":"code detected, letting supabase auto-exchange from URL","data":{"hasCode":true},"timestamp":1778055108811}
{"sessionId":"cce85b","runId":"oauth-run-1","hypothesisId":"H4","location":"App.tsx:loginWithGoogle","message":"starting oauth request","data":{"redirectTo":"http://localhost:3000/"},"timestamp":1778055221741}
{"sessionId":"cce85b","runId":"oauth-run-1","hypothesisId":"H4","location":"App.tsx:loginWithGoogle:url","message":"oauth url generated","data":{"hasUrl":true},"timestamp":1778055221821}
{"sessionId":"cce85b","runId":"oauth-run-1","hypothesisId":"H2","location":"App.tsx:initAuth:start","message":"initAuth started","data":{"search":"?code=6ba2e26b-1364-4172-87b7-4616356538ee","hash":""},"timestamp":1778055224017}
{"sessionId":"cce85b","runId":"oauth-run-2","hypothesisId":"H5","location":"App.tsx:initAuth:exchange:start","message":"code detected, letting supabase auto-exchange from URL","data":{"hasCode":true},"timestamp":1778055224018}
{"sessionId":"cce85b","runId":"oauth-run-1","hypothesisId":"H2","location":"App.tsx:initAuth:start","message":"initAuth started","data":{"search":"?code=6ba2e26b-1364-4172-87b7-4616356538ee","hash":""},"timestamp":1778055224018}
{"sessionId":"cce85b","runId":"oauth-run-2","hypothesisId":"H5","location":"App.tsx:initAuth:exchange:start","message":"code detected, letting supabase auto-exchange from URL","data":{"hasCode":true},"timestamp":1778055224018}
{"sessionId":"cce85b","runId":"oauth-run-1","hypothesisId":"H2","location":"App.tsx:RootRoute:oauthParams","message":"oauth callback params without session user","data":{"search":"?code=6ba2e26b-1364-4172-87b7-4616356538ee","hasToken":false,"hasUser":false},"timestamp":1778055236020}
{"sessionId":"cce85b","runId":"oauth-run-1","hypothesisId":"H2","location":"App.tsx:RootRoute:oauthParams","message":"oauth callback params without session user","data":{"search":"?code=6ba2e26b-1364-4172-87b7-4616356538ee","hasToken":false,"hasUser":false},"timestamp":1778055236022}
{"sessionId":"cce85b","runId":"oauth-run-1","hypothesisId":"H2","location":"App.tsx:initAuth:start","message":"initAuth started","data":{"search":"?code=6ba2e26b-1364-4172-87b7-4616356538ee","hash":"#/login/student"},"timestamp":1778055426528}
{"sessionId":"cce85b","runId":"oauth-run-1","hypothesisId":"H2","location":"App.tsx:initAuth:start","message":"initAuth started","data":{"search":"?code=6ba2e26b-1364-4172-87b7-4616356538ee","hash":"#/login/student"},"timestamp":1778055426530}
{"sessionId":"cce85b","runId":"oauth-run-2","hypothesisId":"H5","location":"App.tsx:initAuth:exchange:start","message":"code detected, letting supabase auto-exchange from URL","data":{"hasCode":true},"timestamp":1778055426529}
{"sessionId":"cce85b","runId":"oauth-run-2","hypothesisId":"H5","location":"App.tsx:initAuth:exchange:start","message":"code detected, letting supabase auto-exchange from URL","data":{"hasCode":true},"timestamp":1778055426530}
{"sessionId":"cce85b","runId":"oauth-run-1","hypothesisId":"H4","location":"App.tsx:loginWithGoogle","message":"starting oauth request","data":{"redirectTo":"http://localhost:3000/"},"timestamp":1778055437566}
{"sessionId":"cce85b","runId":"oauth-run-1","hypothesisId":"H4","location":"App.tsx:loginWithGoogle:url","message":"oauth url generated","data":{"hasUrl":true},"timestamp":1778055437619}
{"sessionId":"cce85b","runId":"oauth-run-1","hypothesisId":"H2","location":"App.tsx:initAuth:start","message":"initAuth started","data":{"search":"?code=a151995d-299a-42b8-9089-ab9f32891497","hash":""},"timestamp":1778055439362}
{"sessionId":"cce85b","runId":"oauth-run-2","hypothesisId":"H5","location":"App.tsx:initAuth:exchange:start","message":"code detected, letting supabase auto-exchange from URL","data":{"hasCode":true},"timestamp":1778055439362}
{"sessionId":"cce85b","runId":"oauth-run-1","hypothesisId":"H2","location":"App.tsx:initAuth:start","message":"initAuth started","data":{"search":"?code=a151995d-299a-42b8-9089-ab9f32891497","hash":""},"timestamp":1778055439363}
{"sessionId":"cce85b","runId":"oauth-run-2","hypothesisId":"H5","location":"App.tsx:initAuth:exchange:start","message":"code detected, letting supabase auto-exchange from URL","data":{"hasCode":true},"timestamp":1778055439363}
